# JRE version: OpenJDK Runtime Environment (11.0.15) (build 11.0.15+0-b2043.56-8887301)
# Java VM: OpenJDK 64-Bit Server VM (11.0.15+0-b2043.56-8887301, mixed mode, tiered, compressed oops, g1 gc, windows-amd64)
Heap:
 garbage-first heap   total 312320K, used 216825K [0x0000000080000000, 0x0000000100000000)
  region size 1024K, 39 young (39936K), 2 survivors (2048K)
 Metaspace       used 132618K, capacity 137558K, committed 137768K, reserved 1167360K
  class space    used 17215K, capacity 19209K, committed 19328K, reserved 1048576K
GC Heap History (20 events):
Event: 22.200 GC heap before
{Heap before GC invocations=53 (full 0):
 garbage-first heap   total 260096K, used 192976K [0x0000000080000000, 0x0000000100000000)
  region size 1024K, 10 young (10240K), 1 survivors (1024K)
 Metaspace       used 119429K, capacity 123019K, committed 123688K, reserved 1157120K
  class space    used 15133K, capacity 16503K, committed 16512K, reserved 1048576K
}
Event: 22.203 GC heap after
{Heap after GC invocations=54 (full 0):
 garbage-first heap   total 260096K, used 185301K [0x0000000080000000, 0x0000000100000000)
  region size 1024K, 2 young (2048K), 2 survivors (2048K)
 Metaspace       used 119429K, capacity 123019K, committed 123688K, reserved 1157120K
  class space    used 15133K, capacity 16503K, committed 16512K, reserved 1048576K
}
Event: 22.483 GC heap before
{Heap before GC invocations=55 (full 0):
 garbage-first heap   total 260096K, used 212949K [0x0000000080000000, 0x0000000100000000)
  region size 1024K, 30 young (30720K), 2 survivors (2048K)
 Metaspace       used 124273K, capacity 127906K, committed 128040K, reserved 1161216K
  class space    used 15604K, capacity 17024K, committed 17024K, reserved 1048576K
}
Event: 22.485 GC heap after
{Heap after GC invocations=56 (full 0):
 garbage-first heap   total 260096K, used 184003K [0x0000000080000000, 0x0000000100000000)
  region size 1024K, 3 young (3072K), 3 survivors (3072K)
 Metaspace       used 124273K, capacity 127906K, committed 128040K, reserved 1161216K
  class space    used 15604K, capacity 17024K, committed 17024K, reserved 1048576K
}
Event: 22.704 GC heap before
{Heap before GC invocations=56 (full 0):
 garbage-first heap   total 260096K, used 213699K [0x0000000080000000, 0x0000000100000000)
  region size 1024K, 33 young (33792K), 3 survivors (3072K)
 Metaspace       used 126983K, capacity 130837K, committed 131112K, reserved 1163264K
  class space    used 15956K, capacity 17427K, committed 17536K, reserved 1048576K
}
Event: 22.709 GC heap after
{Heap after GC invocations=57 (full 0):
 garbage-first heap   total 260096K, used 185822K [0x0000000080000000, 0x0000000100000000)
  region size 1024K, 4 young (4096K), 4 survivors (4096K)
 Metaspace       used 126983K, capacity 130837K, committed 131112K, reserved 1163264K
  class space    used 15956K, capacity 17427K, committed 17536K, reserved 1048576K
}
Event: 22.891 GC heap before
{Heap before GC invocations=58 (full 0):
 garbage-first heap   total 260096K, used 217566K [0x0000000080000000, 0x0000000100000000)
  region size 1024K, 35 young (35840K), 4 survivors (4096K)
 Metaspace       used 127699K, capacity 131755K, committed 132008K, reserved 1163264K
  class space    used 16066K, capacity 17584K, committed 17664K, reserved 1048576K
}
Event: 22.896 GC heap after
{Heap after GC invocations=59 (full 0):
 garbage-first heap   total 260096K, used 189068K [0x0000000080000000, 0x0000000100000000)
  region size 1024K, 5 young (5120K), 5 survivors (5120K)
 Metaspace       used 127699K, capacity 131755K, committed 132008K, reserved 1163264K
  class space    used 16066K, capacity 17584K, committed 17664K, reserved 1048576K
}
Event: 23.177 GC heap before
{Heap before GC invocations=59 (full 0):
 garbage-first heap   total 260096K, used 219788K [0x0000000080000000, 0x0000000100000000)
  region size 1024K, 35 young (35840K), 5 survivors (5120K)
 Metaspace       used 130368K, capacity 134652K, committed 134824K, reserved 1165312K
  class space    used 16502K, capacity 18104K, committed 18176K, reserved 1048576K
}
Event: 23.184 GC heap after
{Heap after GC invocations=60 (full 0):
 garbage-first heap   total 260096K, used 190705K [0x0000000080000000, 0x0000000100000000)
  region size 1024K, 2 young (2048K), 2 survivors (2048K)
 Metaspace       used 130368K, capacity 134652K, committed 134824K, reserved 1165312K
  class space    used 16502K, capacity 18104K, committed 18176K, reserved 1048576K
}
Event: 23.586 GC heap before
{Heap before GC invocations=61 (full 0):
 garbage-first heap   total 260096K, used 221425K [0x0000000080000000, 0x0000000100000000)
  region size 1024K, 32 young (32768K), 2 survivors (2048K)
 Metaspace       used 131284K, capacity 135536K, committed 135592K, reserved 1167360K
  class space    used 16547K, capacity 18158K, committed 18176K, reserved 1048576K
}
Event: 23.591 GC heap after
{Heap after GC invocations=62 (full 0):
 garbage-first heap   total 312320K, used 193350K [0x0000000080000000, 0x0000000100000000)
  region size 1024K, 4 young (4096K), 4 survivors (4096K)
 Metaspace       used 131284K, capacity 135536K, committed 135592K, reserved 1167360K
  class space    used 16547K, capacity 18158K, committed 18176K, reserved 1048576K
}
Event: 23.623 GC heap before
{Heap before GC invocations=62 (full 0):
 garbage-first heap   total 312320K, used 204614K [0x0000000080000000, 0x0000000100000000)
  region size 1024K, 15 young (15360K), 4 survivors (4096K)
 Metaspace       used 131289K, capacity 135600K, committed 135848K, reserved 1167360K
  class space    used 16547K, capacity 18158K, committed 18176K, reserved 1048576K
}
Event: 23.625 GC heap after
{Heap after GC invocations=63 (full 0):
 garbage-first heap   total 312320K, used 193138K [0x0000000080000000, 0x0000000100000000)
  region size 1024K, 2 young (2048K), 2 survivors (2048K)
 Metaspace       used 131289K, capacity 135600K, committed 135848K, reserved 1167360K
  class space    used 16547K, capacity 18158K, committed 18176K, reserved 1048576K
}
Event: 23.721 GC heap before
{Heap before GC invocations=63 (full 0):
 garbage-first heap   total 312320K, used 215666K [0x0000000080000000, 0x0000000100000000)
  region size 1024K, 26 young (26624K), 2 survivors (2048K)
 Metaspace       used 131643K, capacity 135924K, committed 136232K, reserved 1167360K
  class space    used 16591K, capacity 18191K, committed 18304K, reserved 1048576K
}
Event: 23.725 GC heap after
{Heap after GC invocations=64 (full 0):
 garbage-first heap   total 312320K, used 196297K [0x0000000080000000, 0x0000000100000000)
  region size 1024K, 5 young (5120K), 5 survivors (5120K)
 Metaspace       used 131643K, capacity 135924K, committed 136232K, reserved 1167360K
  class space    used 16591K, capacity 18191K, committed 18304K, reserved 1048576K
}
Event: 24.134 GC heap before
{Heap before GC invocations=65 (full 0):
 garbage-first heap   total 312320K, used 244425K [0x0000000080000000, 0x0000000100000000)
  region size 1024K, 53 young (54272K), 5 survivors (5120K)
 Metaspace       used 125320K, capacity 129419K, committed 136232K, reserved 1167360K
  class space    used 15936K, capacity 17497K, committed 18304K, reserved 1048576K
}
Event: 24.138 GC heap after
{Heap after GC invocations=66 (full 0):
 garbage-first heap   total 312320K, used 198696K [0x0000000080000000, 0x0000000100000000)
  region size 1024K, 6 young (6144K), 6 survivors (6144K)
 Metaspace       used 125320K, capacity 129419K, committed 136232K, reserved 1167360K
  class space    used 15936K, capacity 17497K, committed 18304K, reserved 1048576K
}
Event: 24.198 GC heap before
{Heap before GC invocations=66 (full 0):
 garbage-first heap   total 312320K, used 207912K [0x0000000080000000, 0x0000000100000000)
  region size 1024K, 15 young (15360K), 6 survivors (6144K)
 Metaspace       used 127198K, capacity 131605K, committed 136232K, reserved 1167360K
  class space    used 16330K, capacity 18106K, committed 18304K, reserved 1048576K
}
Event: 24.202 GC heap after
{Heap after GC invocations=67 (full 0):
 garbage-first heap   total 312320K, used 180985K [0x0000000080000000, 0x0000000100000000)
  region size 1024K, 2 young (2048K), 2 survivors (2048K)
 Metaspace       used 127198K, capacity 131605K, committed 136232K, reserved 1167360K
  class space    used 16330K, capacity 18106K, committed 18304K, reserved 1048576K
}

